Compiling the CXX compiler identification source file "CMakeCXXCompilerId.cpp" failed.
Compiler: /opt/android-sdk/ndk/25.1.8937393/toolchains/llvm/prebuilt/linux-x86_64/bin/clang++
Build flags: -g;-DANDROID;-fdata-sections;-ffunction-sections;-funwind-tables;-fstack-protector-strong;-no-canonical-prefixes;-D_FORTIFY_SOURCE=2;-Wformat;-Werror=format-security;;-O3;-march=native
Id flags: -c;--target=aarch64-none-linux-android26

The output was:
1
clang++: error: the clang compiler does not support '-march=native'


Detecting CXX compiler ABI info failed to compile with the following output:
Change Dir: /app/app/.cxx/Debug/6h5131v4/arm64-v8a/CMakeFiles/CMakeTmp

Run Build Command(s):/opt/android-sdk/cmake/3.22.1/bin/ninja cmTC_c080a && [1/2] Building CXX object CMakeFiles/cmTC_c080a.dir/CMakeCXXCompilerABI.cpp.o
FAILED: CMakeFiles/cmTC_c080a.dir/CMakeCXXCompilerABI.cpp.o
/opt/android-sdk/ndk/25.1.8937393/toolchains/llvm/prebuilt/linux-x86_64/bin/clang++ --target=aarch64-none-linux-android26 --sysroot=/opt/android-sdk/ndk/25.1.8937393/toolchains/llvm/prebuilt/linux-x86_64/sysroot   -g -DANDROID -fdata-sections -ffunction-sections -funwind-tables -fstack-protector-strong -no-canonical-prefixes -D_FORTIFY_SOURCE=2 -Wformat  -O3 -march=native  -fPIE   -v -MD -MT CMakeFiles/cmTC_c080a.dir/CMakeCXXCompilerABI.cpp.o -MF CMakeFiles/cmTC_c080a.dir/CMakeCXXCompilerABI.cpp.o.d -o CMakeFiles/cmTC_c080a.dir/CMakeCXXCompilerABI.cpp.o -c /opt/android-sdk/cmake/3.22.1/share/cmake-3.22/Modules/CMakeCXXCompilerABI.cpp
Android (8490178, based on r450784d) clang version 14.0.6 (https://android.googlesource.com/toolchain/llvm-project 4c603efb0cca074e9238af8b4106c30add4418f6)
Target: aarch64-none-linux-android26
Thread model: posix
InstalledDir: /opt/android-sdk/ndk/25.1.8937393/toolchains/llvm/prebuilt/linux-x86_64/bin
clang++: error: the clang compiler does not support '-march=native'
ninja: build stopped: subcommand failed.




Determining if the CXX compiler works failed with the following output:
Change Dir: /app/app/.cxx/Debug/6h5131v4/arm64-v8a/CMakeFiles/CMakeTmp

Run Build Command(s):/opt/android-sdk/cmake/3.22.1/bin/ninja cmTC_a5dec && [1/2] Building CXX object CMakeFiles/cmTC_a5dec.dir/testCXXCompiler.cxx.o
FAILED: CMakeFiles/cmTC_a5dec.dir/testCXXCompiler.cxx.o
/opt/android-sdk/ndk/25.1.8937393/toolchains/llvm/prebuilt/linux-x86_64/bin/clang++ --target=aarch64-none-linux-android26 --sysroot=/opt/android-sdk/ndk/25.1.8937393/toolchains/llvm/prebuilt/linux-x86_64/sysroot   -g -DANDROID -fdata-sections -ffunction-sections -funwind-tables -fstack-protector-strong -no-canonical-prefixes -D_FORTIFY_SOURCE=2 -Wformat -Werror=format-security  -O3 -march=native  -fPIE -MD -MT CMakeFiles/cmTC_a5dec.dir/testCXXCompiler.cxx.o -MF CMakeFiles/cmTC_a5dec.dir/testCXXCompiler.cxx.o.d -o CMakeFiles/cmTC_a5dec.dir/testCXXCompiler.cxx.o -c /app/app/.cxx/Debug/6h5131v4/arm64-v8a/CMakeFiles/CMakeTmp/testCXXCompiler.cxx
clang++: error: the clang compiler does not support '-march=native'
ninja: build stopped: subcommand failed.
